<?xml version="1.0" encoding="UTF-8"?>
<!-- Generated by org.testng.reporters.JUnitReportReporter -->
<testsuite hostname="DESKTOP-KFF6RM1" failures="0" tests="4" name="testng.TestMatematika" time="0.025" errors="0" timestamp="2022-09-02T23:56:26 WIB" skipped="0">
  <testcase classname="testng.TestMatematika" name="testBagiNilai" time="0.014"/>
  <system-out/>
  <testcase classname="testng.TestMatematika" name="testKurangNilai" time="0.004"/>
  <system-out/>
  <testcase classname="testng.TestMatematika" name="testModulusNilai" time="0.003"/>
  <system-out/>
  <testcase classname="testng.TestMatematika" name="testTambahNilai" time="0.004"/>
  <system-out/>
</testsuite> <!-- testng.TestMatematika -->
