<?xml version="1.0" encoding="UTF-8"?>
<!-- Generated by org.testng.reporters.JUnitReportReporter -->
<testsuite hostname="DESKTOP-KFF6RM1" failures="0" tests="3" name="testng.TestGeometry" time="0.024" errors="0" timestamp="2022-09-03T08:42:04 WIB" skipped="0">
  <testcase classname="testng.TestGeometry" name="testLuasTrapesium" time="0.004"/>
  <system-out/>
  <testcase classname="testng.TestGeometry" name="testLuasPersegi" time="0.015"/>
  <system-out/>
  <testcase classname="testng.TestGeometry" name="testLuasSegitiga" time="0.005"/>
  <system-out/>
</testsuite> <!-- testng.TestGeometry -->
