<?xml version="1.0" encoding="UTF-8"?>
<!-- Generated by org.testng.reporters.JUnitReportReporter -->
<testsuite hostname="DESKTOP-KFF6RM1" failures="0" tests="1" name="testng.TestParseToInt" time="4.043" errors="0" timestamp="2022-09-03T01:42:54 WIB" skipped="0">
  <testcase classname="testng.TestParseToInt" name="testParseToInt" time="4.043"/>
  <system-out/>
</testsuite> <!-- testng.TestParseToInt -->
