<?xml version="1.0" encoding="UTF-8"?>
<!-- Generated by org.testng.reporters.JUnitReportReporter -->
<testsuite hostname="DESKTOP-KFF6RM1" failures="0" tests="2" name="testng.TestParseToNumeric" time="3.954" errors="0" timestamp="2022-09-03T07:52:52 WIB" skipped="0">
  <testcase classname="testng.TestParseToNumeric" name="testParseToInt" time="3.054"/>
  <system-out/>
  <testcase classname="testng.TestParseToNumeric" name="testParseToLong" time="0.900"/>
  <system-out/>
</testsuite> <!-- testng.TestParseToNumeric -->
